{"/Users/hwakyeom/programs/projects/rusultts/src/rusultts.ts": {"path":"/Users/hwakyeom/programs/projects/rusultts/src/rusultts.ts","statementMap":{"0":{"start":{"line":33,"column":43},"end":{"line":33,"column":67}},"1":{"start":{"line":34,"column":4},"end":{"line":34,"column":40}},"2":{"start":{"line":35,"column":4},"end":{"line":35,"column":28}},"3":{"start":{"line":38,"column":4},"end":{"line":43,"column":null}},"4":{"start":{"line":39,"column":6},"end":{"line":39,"column":65}},"5":{"start":{"line":40,"column":6},"end":{"line":40,"column":27}},"6":{"start":{"line":42,"column":6},"end":{"line":42,"column":33}},"7":{"start":{"line":30,"column":0},"end":{"line":30,"column":22}},"8":{"start":{"line":71,"column":4},"end":{"line":71,"column":21}},"9":{"start":{"line":74,"column":4},"end":{"line":74,"column":29}},"10":{"start":{"line":69,"column":0},"end":{"line":69,"column":13}},"11":{"start":{"line":102,"column":4},"end":{"line":102,"column":48}},"12":{"start":{"line":105,"column":4},"end":{"line":105,"column":35}},"13":{"start":{"line":113,"column":24},"end":{"line":113,"column":51}},"14":{"start":{"line":114,"column":4},"end":{"line":116,"column":null}},"15":{"start":{"line":115,"column":6},"end":{"line":115,"column":31}},"16":{"start":{"line":117,"column":4},"end":{"line":117,"column":35}},"17":{"start":{"line":100,"column":0},"end":{"line":100,"column":13}}},"fnMap":{"0":{"name":"(anonymous_0)","decl":{"start":{"line":33,"column":2},"end":{"line":33,"column":43}},"loc":{"start":{"line":33,"column":67},"end":{"line":36,"column":3}}},"1":{"name":"(anonymous_1)","decl":{"start":{"line":37,"column":2},"end":{"line":37,"column":8}},"loc":{"start":{"line":37,"column":8},"end":{"line":44,"column":3}}},"2":{"name":"(anonymous_2)","decl":{"start":{"line":70,"column":2},"end":{"line":70,"column":22}},"loc":{"start":{"line":70,"column":30},"end":{"line":72,"column":3}}},"3":{"name":"(anonymous_3)","decl":{"start":{"line":73,"column":2},"end":{"line":73,"column":8}},"loc":{"start":{"line":73,"column":25},"end":{"line":75,"column":3}}},"4":{"name":"(anonymous_4)","decl":{"start":{"line":101,"column":2},"end":{"line":101,"column":22}},"loc":{"start":{"line":101,"column":47},"end":{"line":103,"column":3}}},"5":{"name":"(anonymous_5)","decl":{"start":{"line":104,"column":2},"end":{"line":104,"column":8}},"loc":{"start":{"line":104,"column":38},"end":{"line":106,"column":3}}},"6":{"name":"(anonymous_6)","decl":{"start":{"line":112,"column":2},"end":{"line":112,"column":8}},"loc":{"start":{"line":112,"column":24},"end":{"line":118,"column":3}}}},"branchMap":{"0":{"loc":{"start":{"line":38,"column":4},"end":{"line":43,"column":null}},"type":"if","locations":[{"start":{"line":38,"column":4},"end":{"line":43,"column":null}},{"start":{"line":38,"column":4},"end":{"line":43,"column":null}}]},"1":{"loc":{"start":{"line":114,"column":4},"end":{"line":116,"column":null}},"type":"if","locations":[{"start":{"line":114,"column":4},"end":{"line":116,"column":null}},{"start":{"line":114,"column":4},"end":{"line":116,"column":null}}]},"2":{"loc":{"start":{"line":115,"column":13},"end":{"line":115,"column":19}},"type":"binary-expr","locations":[{"start":{"line":115,"column":13},"end":{"line":115,"column":19}},{"start":{"line":115,"column":23},"end":{"line":115,"column":25}}]}},"s":{"0":30,"1":30,"2":30,"3":33,"4":4,"5":4,"6":29,"7":1,"8":25,"9":25,"10":1,"11":5,"12":5,"13":6,"14":6,"15":2,"16":6,"17":1},"f":{"0":30,"1":33,"2":25,"3":25,"4":5,"5":5,"6":6},"b":{"0":[4,29],"1":[2,4],"2":[2,1]}}
,"/Users/hwakyeom/programs/projects/rusultts/test/test.types.ts": {"path":"/Users/hwakyeom/programs/projects/rusultts/test/test.types.ts","statementMap":{"0":{"start":{"line":1,"column":0},"end":{"line":1,"column":50}},"1":{"start":{"line":17,"column":2},"end":{"line":17,"column":19}},"2":{"start":{"line":18,"column":2},"end":{"line":18,"column":19}},"3":{"start":{"line":19,"column":2},"end":{"line":21,"column":4}},"4":{"start":{"line":23,"column":4},"end":{"line":23,"column":21}},"5":{"start":{"line":26,"column":4},"end":{"line":28,"column":null}},"6":{"start":{"line":27,"column":6},"end":{"line":27,"column":24}},"7":{"start":{"line":31,"column":4},"end":{"line":31,"column":21}},"8":{"start":{"line":35,"column":4},"end":{"line":35,"column":23}},"9":{"start":{"line":38,"column":16},"end":{"line":38,"column":27}},"10":{"start":{"line":39,"column":4},"end":{"line":39,"column":33}},"11":{"start":{"line":40,"column":4},"end":{"line":40,"column":15}},"12":{"start":{"line":43,"column":4},"end":{"line":45,"column":null}},"13":{"start":{"line":44,"column":6},"end":{"line":44,"column":44}},"14":{"start":{"line":46,"column":4},"end":{"line":49,"column":6}},"15":{"start":{"line":50,"column":4},"end":{"line":50,"column":16}},"16":{"start":{"line":51,"column":4},"end":{"line":51,"column":24}},"17":{"start":{"line":54,"column":4},"end":{"line":56,"column":null}},"18":{"start":{"line":55,"column":6},"end":{"line":55,"column":44}},"19":{"start":{"line":57,"column":16},"end":{"line":57,"column":34}},"20":{"start":{"line":58,"column":4},"end":{"line":58,"column":41}},"21":{"start":{"line":59,"column":4},"end":{"line":59,"column":16}},"22":{"start":{"line":60,"column":4},"end":{"line":60,"column":23}},"23":{"start":{"line":63,"column":19},"end":{"line":63,"column":33}},"24":{"start":{"line":64,"column":17},"end":{"line":64,"column":19}},"25":{"start":{"line":65,"column":4},"end":{"line":68,"column":null}},"26":{"start":{"line":66,"column":6},"end":{"line":66,"column":35}},"27":{"start":{"line":67,"column":6},"end":{"line":67,"column":31}},"28":{"start":{"line":69,"column":4},"end":{"line":69,"column":24}},"29":{"start":{"line":70,"column":4},"end":{"line":70,"column":16}},"30":{"start":{"line":16,"column":0},"end":{"line":16,"column":13}}},"fnMap":{"0":{"name":"(anonymous_2)","decl":{"start":{"line":33,"column":2},"end":{"line":33,"column":27}},"loc":{"start":{"line":33,"column":2},"end":{"line":33,"column":28}}},"1":{"name":"(anonymous_3)","decl":{"start":{"line":22,"column":2},"end":{"line":22,"column":6}},"loc":{"start":{"line":22,"column":12},"end":{"line":24,"column":3}}},"2":{"name":"(anonymous_4)","decl":{"start":{"line":25,"column":2},"end":{"line":25,"column":6}},"loc":{"start":{"line":25,"column":28},"end":{"line":29,"column":3}}},"3":{"name":"(anonymous_5)","decl":{"start":{"line":30,"column":2},"end":{"line":30,"column":6}},"loc":{"start":{"line":30,"column":14},"end":{"line":32,"column":3}}},"4":{"name":"(anonymous_6)","decl":{"start":{"line":34,"column":2},"end":{"line":34,"column":8}},"loc":{"start":{"line":34,"column":12},"end":{"line":36,"column":3}}},"5":{"name":"(anonymous_7)","decl":{"start":{"line":37,"column":2},"end":{"line":37,"column":8}},"loc":{"start":{"line":37,"column":33},"end":{"line":41,"column":3}}},"6":{"name":"(anonymous_8)","decl":{"start":{"line":42,"column":2},"end":{"line":42,"column":6}},"loc":{"start":{"line":42,"column":20},"end":{"line":52,"column":3}}},"7":{"name":"(anonymous_9)","decl":{"start":{"line":53,"column":2},"end":{"line":53,"column":5}},"loc":{"start":{"line":53,"column":5},"end":{"line":61,"column":3}}},"8":{"name":"(anonymous_10)","decl":{"start":{"line":62,"column":2},"end":{"line":62,"column":7}},"loc":{"start":{"line":62,"column":7},"end":{"line":71,"column":3}}}},"branchMap":{"0":{"loc":{"start":{"line":26,"column":4},"end":{"line":28,"column":null}},"type":"if","locations":[{"start":{"line":26,"column":4},"end":{"line":28,"column":null}},{"start":{"line":26,"column":4},"end":{"line":28,"column":null}}]},"1":{"loc":{"start":{"line":39,"column":25},"end":{"line":39,"column":26}},"type":"cond-expr","locations":[{"start":{"line":39,"column":25},"end":{"line":39,"column":26}},{"start":{"line":39,"column":29},"end":{"line":39,"column":32}}]},"2":{"loc":{"start":{"line":43,"column":4},"end":{"line":45,"column":null}},"type":"if","locations":[{"start":{"line":43,"column":4},"end":{"line":45,"column":null}},{"start":{"line":43,"column":4},"end":{"line":45,"column":null}}]},"3":{"loc":{"start":{"line":54,"column":4},"end":{"line":56,"column":null}},"type":"if","locations":[{"start":{"line":54,"column":4},"end":{"line":56,"column":null}},{"start":{"line":54,"column":4},"end":{"line":56,"column":null}}]}},"s":{"0":1,"1":3,"2":3,"3":3,"4":1,"5":2,"6":1,"7":4,"8":1,"9":2,"10":2,"11":2,"12":7,"13":1,"14":6,"15":6,"16":6,"17":7,"18":1,"19":6,"20":6,"21":6,"22":6,"23":2,"24":2,"25":2,"26":7,"27":7,"28":2,"29":2,"30":1},"f":{"0":3,"1":1,"2":2,"3":4,"4":1,"5":2,"6":7,"7":7,"8":2},"b":{"0":[1,1],"1":[1,1],"2":[1,6],"3":[1,6]}}
}
