TN:
SF:src/rusultts.ts
FN:33,(anonymous_0)
FN:37,(anonymous_1)
FN:70,(anonymous_2)
FN:73,(anonymous_3)
FN:101,(anonymous_4)
FN:104,(anonymous_5)
FN:112,(anonymous_6)
FNF:7
FNH:7
FNDA:30,(anonymous_0)
FNDA:33,(anonymous_1)
FNDA:25,(anonymous_2)
FNDA:25,(anonymous_3)
FNDA:5,(anonymous_4)
FNDA:5,(anonymous_5)
FNDA:6,(anonymous_6)
DA:30,1
DA:33,30
DA:34,30
DA:35,30
DA:38,33
DA:39,4
DA:40,4
DA:42,29
DA:69,1
DA:71,25
DA:74,25
DA:100,1
DA:102,5
DA:105,5
DA:113,6
DA:114,6
DA:115,2
DA:117,6
LF:18
LH:18
BRDA:38,0,0,4
BRDA:38,0,1,29
BRDA:114,1,0,2
BRDA:114,1,1,4
BRDA:115,2,0,2
BRDA:115,2,1,1
BRF:6
BRH:6
end_of_record
TN:
SF:test/test.types.ts
FN:33,(anonymous_2)
FN:22,(anonymous_3)
FN:25,(anonymous_4)
FN:30,(anonymous_5)
FN:34,(anonymous_6)
FN:37,(anonymous_7)
FN:42,(anonymous_8)
FN:53,(anonymous_9)
FN:62,(anonymous_10)
FNF:9
FNH:9
FNDA:3,(anonymous_2)
FNDA:1,(anonymous_3)
FNDA:2,(anonymous_4)
FNDA:4,(anonymous_5)
FNDA:1,(anonymous_6)
FNDA:2,(anonymous_7)
FNDA:7,(anonymous_8)
FNDA:7,(anonymous_9)
FNDA:2,(anonymous_10)
DA:1,1
DA:16,1
DA:17,3
DA:18,3
DA:19,3
DA:23,1
DA:26,2
DA:27,1
DA:31,4
DA:35,1
DA:38,2
DA:39,2
DA:40,2
DA:43,7
DA:44,1
DA:46,6
DA:50,6
DA:51,6
DA:54,7
DA:55,1
DA:57,6
DA:58,6
DA:59,6
DA:60,6
DA:63,2
DA:64,2
DA:65,2
DA:66,7
DA:67,7
DA:69,2
DA:70,2
LF:31
LH:31
BRDA:26,0,0,1
BRDA:26,0,1,1
BRDA:39,1,0,1
BRDA:39,1,1,1
BRDA:43,2,0,1
BRDA:43,2,1,6
BRDA:54,3,0,1
BRDA:54,3,1,6
BRF:8
BRH:8
end_of_record
